[1;34marr[99]: [0;39m ./push_swap 1 9 18 13 8 10 4 0 11 19 6 15 7 14 2 3 5 12 17 16 	checker_linux:[0;32mOK
[0;39m[1;34marr[100]: [0;39m ./push_swap 9 19 17 14 11 6 8 1 15 16 4 3 0 2 18 13 10 7 12 5 	checker_linux:[0;32mOK
[0;39m[1;34marr[101]: [0;39m ./push_swap 19 16 12 2 15 4 11 9 3 5 8 13 1 18 17 14 6 0 7 10 	checker_linux:[0;32mOK
[0;39m[1;34marr[102]: [0;39m ./push_swap 16 5 7 18 3 8 15 19 13 10 11 14 9 17 12 2 4 1 0 6 	checker_linux:[1;31mKO
[0;39m[1;34marr[103]: [0;39m ./push_swap 5 10 0 17 13 11 3 16 14 6 15 2 19 12 7 18 8 9 1 4 	checker_linux:[1;31mKO
[0;39m[1;34marr[104]: [0;39m ./push_swap 10 6 1 12 14 15 13 5 2 4 3 18 16 7 0 17 11 19 9 8 	checker_linux:[1;31mKO
[0;39m[1;34marr[105]: [0;39m ./push_swap 6 4 9 7 2 3 14 10 18 8 13 17 5 0 1 12 15 16 19 11 	checker_linux:[1;31mKO
[0;39m[1;34marr[106]: [0;39m ./push_swap 4 8 19 0 18 13 2 6 17 11 14 12 10 1 9 7 3 5 16 15 	checker_linux:[0;32mOK
[0;39m[1;34marr[107]: [0;39m ./push_swap 8 11 16 1 17 14 18 4 12 15 2 7 6 9 19 0 13 10 5 3 	checker_linux:[1;31mKO
[0;39m[1;34marr[108]: [0;39m ./push_swap 11 15 5 9 12 2 17 8 7 3 18 0 4 19 16 1 14 6 10 13 	checker_linux:[0;32mOK
[0;39m[1;34marr[109]: [0;39m ./push_swap 15 3 10 19 7 18 12 11 0 13 17 1 8 16 5 9 2 4 6 14 	checker_linux:[0;32mOK
[0;39m[1;34marr[110]: [0;39m ./push_swap 3 13 6 16 0 17 7 15 1 14 12 9 11 5 10 19 18 8 4 2 	checker_linux:[1;31mKO
[0;39m[1;34marr[111]: [0;39m ./push_swap 13 14 4 5 1 12 0 3 9 2 7 19 15 10 6 16 17 11 8 18 	checker_linux:[1;31mKO
[0;39m[1;34marr[112]: [0;39m ./push_swap 14 2 8 10 9 7 1 13 19 18 0 16 3 6 4 5 12 15 11 17 	checker_linux:[0;32mOK
[0;39m[1;34marr[113]: [0;39m ./push_swap 2 18 11 6 19 0 9 14 16 17 1 5 13 4 8 10 7 3 15 12 	checker_linux:[1;31mKO
[0;39m[1;34marr[114]: [0;39m ./push_swap 18 17 15 4 16 1 19 2 5 12 9 10 14 8 11 6 0 13 3 7 	checker_linux:[1;31mKO
[0;39m[1;34marr[115]: [0;39m ./push_swap 17 12 3 8 5 9 16 18 10 7 19 6 2 11 15 4 1 14 13 0 	checker_linux:[1;31mKO
[0;39m[1;34marr[116]: [0;39m ./push_swap 12 7 13 11 10 19 5 17 6 0 16 4 18 15 3 8 9 2 14 1 	checker_linux:[0;32mOK
[0;39m[1;34marr[117]: [0;39m ./push_swap 7 0 14 15 6 16 10 12 4 1 5 8 17 3 13 11 19 18 2 9 	checker_linux:[0;32mOK
[0;39m[1;34marr[118]: [0;39m ./push_swap 0 1 2 3 4 5 6 7 8 9 10 11 12 13 14 15 16 17 18 19 	checker_linux:[0;32mOK
[0;39m[1;34marr[119]: [0;39m ./push_swap 1 9 18 13 8 10 4 0 11 19 6 15 7 14 2 3 5 12 17 16 	checker_linux:[0;32mOK
[0;39m[1;34marr[120]: [0;39m ./push_swap 9 19 17 14 11 6 8 1 15 16 4 3 0 2 18 13 10 7 12 5 	checker_linux:[0;32mOK
[0;39m[1;34marr[121]: [0;39m ./push_swap 19 16 12 2 15 4 11 9 3 5 8 13 1 18 17 14 6 0 7 10 	checker_linux:[0;32mOK
[0;39m[1;34marr[122]: [0;39m ./push_swap 16 5 7 18 3 8 15 19 13 10 11 14 9 17 12 2 4 1 0 6 	checker_linux:[1;31mKO
[0;39m[1;34marr[123]: [0;39m ./push_swap 5 10 0 17 13 11 3 16 14 6 15 2 19 12 7 18 8 9 1 4 	checker_linux:[1;31mKO
[0;39m[1;34marr[124]: [0;39m ./push_swap 10 6 1 12 14 15 13 5 2 4 3 18 16 7 0 17 11 19 9 8 	checker_linux:[1;31mKO
[0;39m[1;34marr[125]: [0;39m ./push_swap 6 4 9 7 2 3 14 10 18 8 13 17 5 0 1 12 15 16 19 11 	checker_linux:[1;31mKO
[0;39m[1;34marr[126]: [0;39m ./push_swap 4 8 19 0 18 13 2 6 17 11 14 12 10 1 9 7 3 5 16 15 	checker_linux:[0;32mOK
[0;39m[1;34marr[127]: [0;39m ./push_swap 8 11 16 1 17 14 18 4 12 15 2 7 6 9 19 0 13 10 5 3 	checker_linux:[1;31mKO
[0;39m[1;34marr[128]: [0;39m ./push_swap 11 15 5 9 12 2 17 8 7 3 18 0 4 19 16 1 14 6 10 13 	checker_linux:[0;32mOK
[0;39m[1;34marr[129]: [0;39m ./push_swap 15 3 10 19 7 18 12 11 0 13 17 1 8 16 5 9 2 4 6 14 	checker_linux:[0;32mOK
[0;39m[1;34marr[130]: [0;39m ./push_swap 3 13 6 16 0 17 7 15 1 14 12 9 11 5 10 19 18 8 4 2 	checker_linux:[1;31mKO
[0;39m[1;34marr[131]: [0;39m ./push_swap 13 14 4 5 1 12 0 3 9 2 7 19 15 10 6 16 17 11 8 18 	checker_linux:[1;31mKO
[0;39m[1;34marr[132]: [0;39m ./push_swap 14 2 8 10 9 7 1 13 19 18 0 16 3 6 4 5 12 15 11 17 	checker_linux:[0;32mOK
[0;39m[1;34marr[133]: [0;39m ./push_swap 2 18 11 6 19 0 9 14 16 17 1 5 13 4 8 10 7 3 15 12 	checker_linux:[1;31mKO
[0;39m[1;34marr[134]: [0;39m ./push_swap 18 17 15 4 16 1 19 2 5 12 9 10 14 8 11 6 0 13 3 7 	checker_linux:[1;31mKO
[0;39m[1;34marr[135]: [0;39m ./push_swap 17 12 3 8 5 9 16 18 10 7 19 6 2 11 15 4 1 14 13 0 	checker_linux:[1;31mKO
[0;39m[1;34marr[136]: [0;39m ./push_swap 12 7 13 11 10 19 5 17 6 0 16 4 18 15 3 8 9 2 14 1 	checker_linux:[0;32mOK
[0;39m[1;34marr[137]: [0;39m ./push_swap 7 0 14 15 6 16 10 12 4 1 5 8 17 3 13 11 19 18 2 9 	checker_linux:[0;32mOK
[0;39m[1;34marr[138]: [0;39m ./push_swap 0 1 2 3 4 5 6 7 8 9 10 11 12 13 14 15 16 17 18 19 	checker_linux:[0;32mOK
[0;39m[1;34marr[139]: [0;39m ./push_swap 1 9 18 13 8 10 4 0 11 19 6 15 7 14 2 3 5 12 17 16 	checker_linux:[0;32mOK
[0;39m[1;34marr[140]: [0;39m ./push_swap 9 19 17 14 11 6 8 1 15 16 4 3 0 2 18 13 10 7 12 5 	checker_linux:[0;32mOK
[0;39m[1;34marr[141]: [0;39m ./push_swap 19 16 12 2 15 4 11 9 3 5 8 13 1 18 17 14 6 0 7 10 	checker_linux:[0;32mOK
[0;39m[1;34marr[142]: [0;39m ./push_swap 16 5 7 18 3 8 15 19 13 10 11 14 9 17 12 2 4 1 0 6 	checker_linux:[1;31mKO
[0;39m[1;34marr[143]: [0;39m ./push_swap 5 10 0 17 13 11 3 16 14 6 15 2 19 12 7 18 8 9 1 4 	checker_linux:[1;31mKO
[0;39m[1;34marr[144]: [0;39m ./push_swap 10 6 1 12 14 15 13 5 2 4 3 18 16 7 0 17 11 19 9 8 	checker_linux:[1;31mKO
[0;39m[1;34marr[145]: [0;39m ./push_swap 6 4 9 7 2 3 14 10 18 8 13 17 5 0 1 12 15 16 19 11 	checker_linux:[1;31mKO
[0;39m[1;34marr[146]: [0;39m ./push_swap 4 8 19 0 18 13 2 6 17 11 14 12 10 1 9 7 3 5 16 15 	checker_linux:[0;32mOK
[0;39m[1;34marr[147]: [0;39m ./push_swap 8 11 16 1 17 14 18 4 12 15 2 7 6 9 19 0 13 10 5 3 	checker_linux:[1;31mKO
[0;39m[1;34marr[148]: [0;39m ./push_swap 11 15 5 9 12 2 17 8 7 3 18 0 4 19 16 1 14 6 10 13 	checker_linux:[0;32mOK
[0;39m[1;34marr[149]: [0;39m ./push_swap 15 3 10 19 7 18 12 11 0 13 17 1 8 16 5 9 2 4 6 14 	checker_linux:[0;32mOK
[0;39m[1;34marr[150]: [0;39m ./push_swap 3 13 6 16 0 17 7 15 1 14 12 9 11 5 10 19 18 8 4 2 	checker_linux:[1;31mKO
[0;39m[1;34marr[151]: [0;39m ./push_swap 13 14 4 5 1 12 0 3 9 2 7 19 15 10 6 16 17 11 8 18 	checker_linux:[1;31mKO
[0;39m[1;34marr[152]: [0;39m ./push_swap 14 2 8 10 9 7 1 13 19 18 0 16 3 6 4 5 12 15 11 17 	checker_linux:[0;32mOK
[0;39m[1;34marr[153]: [0;39m ./push_swap 2 18 11 6 19 0 9 14 16 17 1 5 13 4 8 10 7 3 15 12 	checker_linux:[1;31mKO
[0;39m[1;34marr[154]: [0;39m ./push_swap 18 17 15 4 16 1 19 2 5 12 9 10 14 8 11 6 0 13 3 7 	checker_linux:[1;31mKO
[0;39m[1;34marr[155]: [0;39m ./push_swap 17 12 3 8 5 9 16 18 10 7 19 6 2 11 15 4 1 14 13 0 	checker_linux:[1;31mKO
[0;39m[1;34marr[156]: [0;39m ./push_swap 12 7 13 11 10 19 5 17 6 0 16 4 18 15 3 8 9 2 14 1 	checker_linux:[0;32mOK
[0;39m[1;34marr[157]: [0;39m ./push_swap 7 0 14 15 6 16 10 12 4 1 5 8 17 3 13 11 19 18 2 9 	checker_linux:[0;32mOK
[0;39m[1;34marr[158]: [0;39m ./push_swap 0 1 2 3 4 5 6 7 8 9 10 11 12 13 14 15 16 17 18 19 	checker_linux:[0;32mOK
[0;39m[1;34marr[159]: [0;39m ./push_swap 1 9 18 13 8 10 4 0 11 19 6 15 7 14 2 3 5 12 17 16 	checker_linux:[0;32mOK
[0;39m[1;34marr[160]: [0;39m ./push_swap 9 19 17 14 11 6 8 1 15 16 4 3 0 2 18 13 10 7 12 5 	checker_linux:[0;32mOK
[0;39m[1;34marr[161]: [0;39m ./push_swap 19 16 12 2 15 4 11 9 3 5 8 13 1 18 17 14 6 0 7 10 	checker_linux:[0;32mOK
[0;39m[1;34marr[162]: [0;39m ./push_swap 16 5 7 18 3 8 15 19 13 10 11 14 9 17 12 2 4 1 0 6 	checker_linux:[1;31mKO
[0;39m[1;34marr[163]: [0;39m ./push_swap 5 10 0 17 13 11 3 16 14 6 15 2 19 12 7 18 8 9 1 4 	checker_linux:[1;31mKO
[0;39m[1;34marr[164]: [0;39m ./push_swap 10 6 1 12 14 15 13 5 2 4 3 18 16 7 0 17 11 19 9 8 	checker_linux:[1;31mKO
[0;39m[1;34marr[165]: [0;39m ./push_swap 6 4 9 7 2 3 14 10 18 8 13 17 5 0 1 12 15 16 19 11 	checker_linux:[1;31mKO
[0;39m[1;34marr[166]: [0;39m ./push_swap 4 8 19 0 18 13 2 6 17 11 14 12 10 1 9 7 3 5 16 15 	checker_linux:[0;32mOK
[0;39m[1;34marr[167]: [0;39m ./push_swap 8 11 16 1 17 14 18 4 12 15 2 7 6 9 19 0 13 10 5 3 	checker_linux:[1;31mKO
[0;39m[1;34marr[168]: [0;39m ./push_swap 11 15 5 9 12 2 17 8 7 3 18 0 4 19 16 1 14 6 10 13 	checker_linux:[0;32mOK
[0;39m[1;34marr[169]: [0;39m ./push_swap 15 3 10 19 7 18 12 11 0 13 17 1 8 16 5 9 2 4 6 14 	checker_linux:[0;32mOK
[0;39m[1;34marr[170]: [0;39m ./push_swap 3 13 6 16 0 17 7 15 1 14 12 9 11 5 10 19 18 8 4 2 	checker_linux:[1;31mKO
[0;39m[1;34marr[171]: [0;39m ./push_swap 13 14 4 5 1 12 0 3 9 2 7 19 15 10 6 16 17 11 8 18 	checker_linux:[1;31mKO
[0;39m[1;34marr[172]: [0;39m ./push_swap 14 2 8 10 9 7 1 13 19 18 0 16 3 6 4 5 12 15 11 17 	checker_linux:[0;32mOK
[0;39m[1;34marr[173]: [0;39m ./push_swap 2 18 11 6 19 0 9 14 16 17 1 5 13 4 8 10 7 3 15 12 	checker_linux:[1;31mKO
[0;39m[1;34marr[174]: [0;39m ./push_swap 18 17 15 4 16 1 19 2 5 12 9 10 14 8 11 6 0 13 3 7 	checker_linux:[1;31mKO
[0;39m[1;34marr[175]: [0;39m ./push_swap 17 12 3 8 5 9 16 18 10 7 19 6 2 11 15 4 1 14 13 0 	checker_linux:[1;31mKO
[0;39m[1;34marr[176]: [0;39m ./push_swap 12 7 13 11 10 19 5 17 6 0 16 4 18 15 3 8 9 2 14 1 	checker_linux:[0;32mOK
[0;39m[1;34marr[177]: [0;39m ./push_swap 7 0 14 15 6 16 10 12 4 1 5 8 17 3 13 11 19 18 2 9 	checker_linux:[0;32mOK
[0;39m[1;34marr[178]: [0;39m ./push_swap 0 1 2 3 4 5 6 7 8 9 10 11 12 13 14 15 16 17 18 19 	checker_linux:[0;32mOK
[0;39m[1;34marr[179]: [0;39m ./push_swap 1 9 18 13 8 10 4 0 11 19 6 15 7 14 2 3 5 12 17 16 	checker_linux:[0;32mOK
[0;39m[1;34marr[180]: [0;39m ./push_swap 9 19 17 14 11 6 8 1 15 16 4 3 0 2 18 13 10 7 12 5 	checker_linux:[0;32mOK
[0;39m[1;34marr[181]: [0;39m ./push_swap 19 16 12 2 15 4 11 9 3 5 8 13 1 18 17 14 6 0 7 10 	checker_linux:[0;32mOK
[0;39m[1;34marr[182]: [0;39m ./push_swap 16 5 7 18 3 8 15 19 13 10 11 14 9 17 12 2 4 1 0 6 	checker_linux:[1;31mKO
[0;39m[1;34marr[183]: [0;39m ./push_swap 5 10 0 17 13 11 3 16 14 6 15 2 19 12 7 18 8 9 1 4 	checker_linux:[1;31mKO
[0;39m[1;34marr[184]: [0;39m ./push_swap 10 6 1 12 14 15 13 5 2 4 3 18 16 7 0 17 11 19 9 8 	checker_linux:[1;31mKO
[0;39m[1;34marr[185]: [0;39m ./push_swap 6 4 9 7 2 3 14 10 18 8 13 17 5 0 1 12 15 16 19 11 	checker_linux:[1;31mKO
[0;39m[1;34marr[186]: [0;39m ./push_swap 4 8 19 0 18 13 2 6 17 11 14 12 10 1 9 7 3 5 16 15 	checker_linux:[0;32mOK
[0;39m[1;34marr[187]: [0;39m ./push_swap 8 11 16 1 17 14 18 4 12 15 2 7 6 9 19 0 13 10 5 3 	checker_linux:[1;31mKO
[0;39m[1;34marr[188]: [0;39m ./push_swap 11 15 5 9 12 2 17 8 7 3 18 0 4 19 16 1 14 6 10 13 	checker_linux:[0;32mOK
[0;39m[1;34marr[189]: [0;39m ./push_swap 15 3 10 19 7 18 12 11 0 13 17 1 8 16 5 9 2 4 6 14 	checker_linux:[0;32mOK
[0;39m[1;34marr[190]: [0;39m ./push_swap 3 13 6 16 0 17 7 15 1 14 12 9 11 5 10 19 18 8 4 2 	checker_linux:[1;31mKO
[0;39m[1;34marr[191]: [0;39m ./push_swap 13 14 4 5 1 12 0 3 9 2 7 19 15 10 6 16 17 11 8 18 	checker_linux:[1;31mKO
[0;39m[1;34marr[192]: [0;39m ./push_swap 14 2 8 10 9 7 1 13 19 18 0 16 3 6 4 5 12 15 11 17 	checker_linux:[0;32mOK
[0;39m[1;34marr[193]: [0;39m ./push_swap 2 18 11 6 19 0 9 14 16 17 1 5 13 4 8 10 7 3 15 12 	checker_linux:[1;31mKO
[0;39m[1;34marr[194]: [0;39m ./push_swap 18 17 15 4 16 1 19 2 5 12 9 10 14 8 11 6 0 13 3 7 	checker_linux:[1;31mKO
[0;39m[1;34marr[195]: [0;39m ./push_swap 17 12 3 8 5 9 16 18 10 7 19 6 2 11 15 4 1 14 13 0 	checker_linux:[1;31mKO
[0;39m[1;34marr[196]: [0;39m ./push_swap 12 7 13 11 10 19 5 17 6 0 16 4 18 15 3 8 9 2 14 1 	checker_linux:[0;32mOK
[0;39m[1;34marr[197]: [0;39m ./push_swap 7 0 14 15 6 16 10 12 4 1 5 8 17 3 13 11 19 18 2 9 	checker_linux:[0;32mOK
[0;39m[1;34marr[198]: [0;39m ./push_swap 0 1 2 3 4 5 6 7 8 9 10 11 12 13 14 15 16 17 18 19 	checker_linux:[0;32mOK
[0;39m[1;34marr[199]: [0;39m ./push_swap 1 9 18 13 8 10 4 0 11 19 6 15 7 14 2 3 5 12 17 16 	checker_linux:[0;32mOK
[0;39m[1;34marr[200]: [0;39m ./push_swap 9 19 17 14 11 6 8 1 15 16 4 3 0 2 18 13 10 7 12 5 	checker_linux:[0;32mOK
[0;39m[1;34marr[201]: [0;39m ./push_swap 19 16 12 2 15 4 11 9 3 5 8 13 1 18 17 14 6 0 7 10 	checker_linux:[0;32mOK
[0;39m[1;34marr[202]: [0;39m ./push_swap 16 5 7 18 3 8 15 19 13 10 11 14 9 17 12 2 4 1 0 6 	checker_linux:[1;31mKO
[0;39m[1;34marr[203]: [0;39m ./push_swap 5 10 0 17 13 11 3 16 14 6 15 2 19 12 7 18 8 9 1 4 	checker_linux:[1;31mKO
[0;39m[1;34marr[204]: [0;39m ./push_swap 10 6 1 12 14 15 13 5 2 4 3 18 16 7 0 17 11 19 9 8 	checker_linux:[1;31mKO
[0;39m[1;34marr[205]: [0;39m ./push_swap 6 4 9 7 2 3 14 10 18 8 13 17 5 0 1 12 15 16 19 11 	checker_linux:[1;31mKO
[0;39m[1;34marr[206]: [0;39m ./push_swap 4 8 19 0 18 13 2 6 17 11 14 12 10 1 9 7 3 5 16 15 	checker_linux:[0;32mOK
[0;39m[1;34marr[207]: [0;39m ./push_swap 8 11 16 1 17 14 18 4 12 15 2 7 6 9 19 0 13 10 5 3 	checker_linux:[1;31mKO
[0;39m[1;34marr[208]: [0;39m ./push_swap 11 15 5 9 12 2 17 8 7 3 18 0 4 19 16 1 14 6 10 13 	checker_linux:[0;32mOK
[0;39m[1;34marr[209]: [0;39m ./push_swap 15 3 10 19 7 18 12 11 0 13 17 1 8 16 5 9 2 4 6 14 	checker_linux:[0;32mOK
[0;39m[1;34marr[210]: [0;39m ./push_swap 3 13 6 16 0 17 7 15 1 14 12 9 11 5 10 19 18 8 4 2 	checker_linux:[1;31mKO
[0;39m[1;34marr[211]: [0;39m ./push_swap 13 14 4 5 1 12 0 3 9 2 7 19 15 10 6 16 17 11 8 18 	checker_linux:[1;31mKO
[0;39m[1;34marr[212]: [0;39m ./push_swap 14 2 8 10 9 7 1 13 19 18 0 16 3 6 4 5 12 15 11 17 	checker_linux:[0;32mOK
[0;39m[1;34marr[213]: [0;39m ./push_swap 2 18 11 6 19 0 9 14 16 17 1 5 13 4 8 10 7 3 15 12 	checker_linux:[1;31mKO
[0;39m[1;34marr[214]: [0;39m ./push_swap 18 17 15 4 16 1 19 2 5 12 9 10 14 8 11 6 0 13 3 7 	checker_linux:[1;31mKO
[0;39m[1;34marr[215]: [0;39m ./push_swap 17 12 3 8 5 9 16 18 10 7 19 6 2 11 15 4 1 14 13 0 	checker_linux:[1;31mKO
[0;39m[1;34marr[216]: [0;39m ./push_swap 12 7 13 11 10 19 5 17 6 0 16 4 18 15 3 8 9 2 14 1 	checker_linux:[0;32mOK
[0;39m[1;34marr[217]: [0;39m ./push_swap 7 0 14 15 6 16 10 12 4 1 5 8 17 3 13 11 19 18 2 9 	checker_linux:[0;32mOK
[0;39m[1;34marr[218]: [0;39m ./push_swap 0 1 2 3 4 5 6 7 8 9 10 11 12 13 14 15 16 17 18 19 	checker_linux:[0;32mOK
[0;39m[1;34marr[219]: [0;39m ./push_swap 1 9 18 13 8 10 4 0 11 19 6 15 7 14 2 3 5 12 17 16 	checker_linux:[0;32mOK
[0;39m[1;34marr[220]: [0;39m ./push_swap 9 19 17 14 11 6 8 1 15 16 4 3 0 2 18 13 10 7 12 5 	checker_linux:[0;32mOK
[0;39m[1;34marr[221]: [0;39m ./push_swap 19 16 12 2 15 4 11 9 3 5 8 13 1 18 17 14 6 0 7 10 	checker_linux:[0;32mOK
[0;39m[1;34marr[222]: [0;39m ./push_swap 16 5 7 18 3 8 15 19 13 10 11 14 9 17 12 2 4 1 0 6 	checker_linux:[1;31mKO
[0;39m[1;34marr[223]: [0;39m ./push_swap 5 10 0 17 13 11 3 16 14 6 15 2 19 12 7 18 8 9 1 4 	checker_linux:[1;31mKO
[0;39m[1;34marr[224]: [0;39m ./push_swap 10 6 1 12 14 15 13 5 2 4 3 18 16 7 0 17 11 19 9 8 	checker_linux:[1;31mKO
[0;39m[1;34marr[225]: [0;39m ./push_swap 6 4 9 7 2 3 14 10 18 8 13 17 5 0 1 12 15 16 19 11 	checker_linux:[1;31mKO
[0;39m[1;34marr[226]: [0;39m ./push_swap 4 8 19 0 18 13 2 6 17 11 14 12 10 1 9 7 3 5 16 15 	checker_linux:[0;32mOK
[0;39m[1;34marr[227]: [0;39m ./push_swap 8 11 16 1 17 14 18 4 12 15 2 7 6 9 19 0 13 10 5 3 	checker_linux:[1;31mKO
[0;39m[1;34marr[228]: [0;39m ./push_swap 11 15 5 9 12 2 17 8 7 3 18 0 4 19 16 1 14 6 10 13 	checker_linux:[0;32mOK
[0;39m[1;34marr[229]: [0;39m ./push_swap 15 3 10 19 7 18 12 11 0 13 17 1 8 16 5 9 2 4 6 14 	checker_linux:[0;32mOK
[0;39m[1;34marr[230]: [0;39m ./push_swap 3 13 6 16 0 17 7 15 1 14 12 9 11 5 10 19 18 8 4 2 	checker_linux:[1;31mKO
[0;39m[1;34marr[231]: [0;39m ./push_swap 13 14 4 5 1 12 0 3 9 2 7 19 15 10 6 16 17 11 8 18 	checker_linux:[1;31mKO
[0;39m[1;34marr[232]: [0;39m ./push_swap 14 2 8 10 9 7 1 13 19 18 0 16 3 6 4 5 12 15 11 17 	checker_linux:[0;32mOK
[0;39m[1;34marr[233]: [0;39m ./push_swap 2 18 11 6 19 0 9 14 16 17 1 5 13 4 8 10 7 3 15 12 	checker_linux:[1;31mKO
[0;39m[1;34marr[234]: [0;39m ./push_swap 18 17 15 4 16 1 19 2 5 12 9 10 14 8 11 6 0 13 3 7 	checker_linux:[1;31mKO
[0;39m[1;34marr[235]: [0;39m ./push_swap 17 12 3 8 5 9 16 18 10 7 19 6 2 11 15 4 1 14 13 0 	checker_linux:[1;31mKO
[0;39m[1;34marr[236]: [0;39m ./push_swap 12 7 13 11 10 19 5 17 6 0 16 4 18 15 3 8 9 2 14 1 	checker_linux:[0;32mOK
[0;39m[1;34marr[237]: [0;39m ./push_swap 7 0 14 15 6 16 10 12 4 1 5 8 17 3 13 11 19 18 2 9 	checker_linux:[0;32mOK
[0;39m[1;34marr[238]: [0;39m ./push_swap 0 1 2 3 4 5 6 7 8 9 10 11 12 13 14 15 16 17 18 19 	checker_linux:[0;32mOK
[0;39m[1;34marr[239]: [0;39m ./push_swap 1 9 18 13 8 10 4 0 11 19 6 15 7 14 2 3 5 12 17 16 	checker_linux:[0;32mOK
[0;39m[1;34marr[240]: [0;39m ./push_swap 9 19 17 14 11 6 8 1 15 16 4 3 0 2 18 13 10 7 12 5 	checker_linux:[0;32mOK
[0;39m[1;34marr[241]: [0;39m ./push_swap 19 16 12 2 15 4 11 9 3 5 8 13 1 18 17 14 6 0 7 10 	checker_linux:[0;32mOK
[0;39m[1;34marr[242]: [0;39m ./push_swap 16 5 7 18 3 8 15 19 13 10 11 14 9 17 12 2 4 1 0 6 	checker_linux:[1;31mKO
[0;39m[1;34marr[243]: [0;39m ./push_swap 5 10 0 17 13 11 3 16 14 6 15 2 19 12 7 18 8 9 1 4 	checker_linux:[1;31mKO
[0;39m[1;34marr[244]: [0;39m ./push_swap 10 6 1 12 14 15 13 5 2 4 3 18 16 7 0 17 11 19 9 8 	checker_linux:[1;31mKO
[0;39m[1;34marr[245]: [0;39m ./push_swap 6 4 9 7 2 3 14 10 18 8 13 17 5 0 1 12 15 16 19 11 	checker_linux:[1;31mKO
[0;39m[1;34marr[246]: [0;39m ./push_swap 4 8 19 0 18 13 2 6 17 11 14 12 10 1 9 7 3 5 16 15 	checker_linux:[0;32mOK
[0;39m[1;34marr[247]: [0;39m ./push_swap 8 11 16 1 17 14 18 4 12 15 2 7 6 9 19 0 13 10 5 3 	checker_linux:[1;31mKO
[0;39m[1;34marr[248]: [0;39m ./push_swap 11 15 5 9 12 2 17 8 7 3 18 0 4 19 16 1 14 6 10 13 	checker_linux:[0;32mOK
[0;39m[1;34marr[249]: [0;39m ./push_swap 15 3 10 19 7 18 12 11 0 13 17 1 8 16 5 9 2 4 6 14 	checker_linux:[0;32mOK
[0;39m[1;34marr[250]: [0;39m ./push_swap 3 13 6 16 0 17 7 15 1 14 12 9 11 5 10 19 18 8 4 2 	checker_linux:[1;31mKO
[0;39m[1;34marr[251]: [0;39m ./push_swap 13 14 4 5 1 12 0 3 9 2 7 19 15 10 6 16 17 11 8 18 	checker_linux:[1;31mKO
[0;39m[1;34marr[252]: [0;39m ./push_swap 14 2 8 10 9 7 1 13 19 18 0 16 3 6 4 5 12 15 11 17 	checker_linux:[0;32mOK
[0;39m[1;34marr[253]: [0;39m ./push_swap 2 18 11 6 19 0 9 14 16 17 1 5 13 4 8 10 7 3 15 12 	checker_linux:[1;31mKO
[0;39m[1;34marr[254]: [0;39m ./push_swap 18 17 15 4 16 1 19 2 5 12 9 10 14 8 11 6 0 13 3 7 	checker_linux:[1;31mKO
[0;39m[1;34marr[255]: [0;39m ./push_swap 17 12 3 8 5 9 16 18 10 7 19 6 2 11 15 4 1 14 13 0 	checker_linux:[1;31mKO
[0;39m[1;34marr[256]: [0;39m ./push_swap 12 7 13 11 10 19 5 17 6 0 16 4 18 15 3 8 9 2 14 1 	checker_linux:[0;32mOK
[0;39m[1;34marr[257]: [0;39m ./push_swap 7 0 14 15 6 16 10 12 4 1 5 8 17 3 13 11 19 18 2 9 	checker_linux:[0;32mOK
[0;39m[1;34marr[258]: [0;39m ./push_swap 0 1 2 3 4 5 6 7 8 9 10 11 12 13 14 15 16 17 18 19 	checker_linux:[0;32mOK
[0;39m